-------------------------------------------
Batch: 0
-------------------------------------------
+------+----+------+
|domain|view|unique|
+------+----+------+
+------+----+------+

-------------------------------------------
Batch: 1
-------------------------------------------
+-------------------------------+----+------+
|domain                         |view|unique|
+-------------------------------+----+------+
|m.tsargrad.tv                  |2   |1     |
|www.coins-spb.ru               |2   |1     |
|cleanwater-news.livejournal.com|1   |1     |
|rg.ru                          |1   |1     |
|colonelcassad.livejournal.com  |1   |1     |
|www.yandex.ru                  |1   |1     |
|www.ikea.com                   |1   |1     |
|www.exist.ru                   |1   |1     |
|yandex.ru                      |1   |1     |
|yandex.ru                      |1   |1     |
+-------------------------------+----+------+

-------------------------------------------
Batch: 2
-------------------------------------------
+-------------------------------+----+------+
|domain                         |view|unique|
+-------------------------------+----+------+
|www.coins-spb.ru               |3   |1     |
|m.tsargrad.tv                  |2   |1     |
|astro7.ru                      |2   |1     |
|www.ntv.ru                     |1   |1     |
|ren.tv                         |1   |1     |
|cleanwater-news.livejournal.com|1   |1     |
|newinform.com                  |1   |1     |
|www.fedsfm.ru                  |1   |1     |
|www.spletnik.ru                |1   |1     |
|rg.ru                          |1   |1     |
+-------------------------------+----+------+

-------------------------------------------
Batch: 3
-------------------------------------------
+----------------+----+------+
|domain          |view|unique|
+----------------+----+------+
|www.fedsfm.ru   |5   |1     |
|m.lenta.ru      |3   |1     |
|www.coins-spb.ru|3   |1     |
|m.tsargrad.tv   |2   |1     |
|astro7.ru       |2   |1     |
|echo.msk.ru     |2   |2     |
|www.rambler.ru  |2   |2     |
|life.ru         |2   |2     |
|www.ntv.ru      |1   |1     |
|ren.tv          |1   |1     |
+----------------+----+------+
