8df93bf302872a165f,31875f4e0182107fdf,fe57384a01c57e6fb6,ba448d8202eb8e116e
b70bab0c029f4eab8e
c4f472810232113e27,ad0912fc01d7da7f1d,2f4a754b019316f995,b59d4a6e02c48de0a2,4cc3b57a017634c7d3
2cb0f9030289c75d92,a9ce961002d8019edc,aabd2406019f2697a2
d0b3d9e401c36599cf,e228b3ec0215a8a7ff,9a25f89b0105a4fc30
c56de92f0160908bff
afd28df90171b88abc,d3a272ea02b0a5611f,b9949bc1014b1015f7,5e1bb04301938cba63
adbc075f02c9e40c87,749ea312025a29579f,7890d6e50241d8f8f6,c5bfda5101e07348e8
7a9b3522022eb2d7c2,f53081e70180326e4a,cc535f43018c4d8e53,0f8e36b8027d6f96d0
7171346502484610f7,902f1c9e01e693268d
4603d93a02964fa92d
ac54fd420276a3600a,3c1abf66025c272101,ec87dc6e029112ea80,1b219832015d462fcb,e4f5698e018dbb374e
700d2b0c02e102219d,a79a71f401a05cb5a2,8e70f0f302304aa664,6b4c99e801cfbb4498
1b891c3502d7cb21e5
d3c2bbd401111bf31c,6f91c5b701be2e0c3b,0137414c028f912633
a83aa933022742e4f6,db203a9901f0fad33b
3f42908a01b040a21f
e08ce09101bbcbe776,e85a481602728ffda9,51f6529c0297c3c33c,9ff43fc8017c8d6cc3
f035bfe002d5ae5277,237adf3001ec7996d2,7783cfbe02adaeffcf,fbafba9501abe5b6da,4623ed0d02902cd0fa
4f127bdf016a4fac0c,80ac2f1d02ba65b4d8,52c35cbc0205c5c191,664b0afc0271d76aab
f81288c1012dfdfc84,c272208e027b80fb08
3d4f026c0258477397,3dab45e801cc52cb70
65b5198c01c36f1bf7,af61b5e2029887b0d2,0d027fc4012362f4cd,35700848011a5a2186
48825ef6011f5d0504,52aceb1301287ba540
295b172702a1fc137e,07214f660264e6bd98,7a196233019ed6e59d,10cf8edc010852ed70
5d03dd1f02b3cffc29,4609086702728ad656
a413c0b902a28c72ce,6e6c4f36012e47d6df,08b5f770026b9b5255,9c233a940182537985
9b019e5a02dffa9ea5,a53dd7370229fb7524,7a3da5d001f76d8196,eb1c1c4b02a61cfe43
b28f579702732e58d7,bba34c6d01d8ac440b,9571dfe301e5baffa3,647384d001225f071c,f6dba1e801bd672b5f
b3b7d48a010ca94c64,5055656a013c099214,d5fc16c2026bb50510,8b4cf7030132858b91,0a7ab66b02061a54bc
e5c8cb8802a9af6437,d9dbdaf10274ff4cb8,cbaa6ea6028fec4926
c30d0a03018ec8c3ee,0230a4d901a7d62717,e742aa6002eccfecbd,bc97744702de538cf4,c3683f670162d39250
f7583abb01441a73e9,189804e501dfb59639,c8e429df01e4ab3af5,853306d801e23a79ff
10d3462601944af02f,f065c6dc017e2a8d0b
dc91a66d016e006408,fa354f6a0294fcb91e
8efaad6101cc18a61d,93882eba012563463f,8a98f4d702cafc82b3,3267eea601893c7e2f
5c32442e014dffee49,a272c1ed013b77fe7c,47163e7901876e5bc0,04ec69d402480d3a19
1e2244270228f78049,9be185e8015575c7a0,bfd1470301a79ff252
8dbbd2f4028c39e5c7,6b3bc6bb01acbcbb1f,78d1999d017d08882e,867a270e01ce256819
f3c625a802bc8e208f,b87112d401513bcae3,e737e9c7026895a7b7,e76dd51402725e0176,47fdffc9010cf2ce93
7fe4a7ce01b9c07857,a3b09b6c0147239764,17da19f001cd1d8bce
008ec0a7028aa7a62f,58abd1a702dd0a4dbb
31d09fea029a52e177,7f4d2f7601358ea6c7,642c86dc02e46fcdd4
f08e666e029df89a34,ff0b07d801e37f28e0
fc25fe7201749dc255
968a1bc801faec7226,5ea228ed011011470b,3d2c9c5202e168f8b8
0434768202fd5167ee,0e020b58021838d17a,118e312f01edcaf86b,8cbd46780174b22795,64869ee20166df4817
4a718c3c0115e0567f,9cb959d002e5031979,05ab11ee02a48a47b8,52c6496702b29a8b6b
267035dd02538fca6b,7d13359f026ff37034,09b9ff890242df0a54,7ad00ad7023cfd4659
1b9ed45901af374463,44caa328020ea24b2e,862a8c93026ee27d7b,42d6e5490288d9c1d9,6275d14402d40be4f1
